<?xml version="1.0" encoding="UTF-8"?>
<!-- Generated by org.testng.reporters.JUnitReportReporter -->
<testsuite ignored="0" hostname="xjtdeMBP" failures="0" tests="1" name="com.hizuche.testcase.log.Login" time="6.106" errors="0" timestamp="04 4æœˆ 2019 01:54:10 GMT" skipped="0">
  <testcase classname="com.hizuche.testcase.log.Login" name="testLogin" time="6.106"/>
</testsuite> <!-- com.hizuche.testcase.log.Login -->
